c:\users\tin\documents\visual studio 2013\projects\nummerical_field - original\nummerical_field\debug\vc120.pdb
c:\users\tin\documents\visual studio 2013\projects\nummerical_field - original\nummerical_field\debug\vc120.idb
c:\users\tin\documents\visual studio 2013\projects\nummerical_field - original\nummerical_field\debug\cmplx.obj
c:\users\tin\documents\visual studio 2013\projects\nummerical_field - original\nummerical_field\debug\mymatlib.obj
c:\users\tin\documents\visual studio 2013\projects\nummerical_field - original\nummerical_field\debug\nummerical_field.obj
c:\users\tin\documents\visual studio 2013\projects\nummerical_field - original\nummerical_field\debug\rectangularplate.obj
c:\users\tin\documents\visual studio 2013\projects\nummerical_field - original\nummerical_field\debug\rmatrix.obj
c:\users\tin\documents\visual studio 2013\projects\nummerical_field - original\nummerical_field\debug\rvektor.obj
c:\users\tin\documents\visual studio 2013\projects\nummerical_field - original\nummerical_field\debug\smallsquare.obj
c:\users\tin\documents\visual studio 2013\projects\nummerical_field - original\nummerical_field\debug\squareplate.obj
c:\users\tin\documents\visual studio 2013\projects\nummerical_field - original\nummerical_field\debug\stdafx.obj
c:\users\tin\documents\visual studio 2013\projects\nummerical_field - original\debug\nummerical_field.ilk
c:\users\tin\documents\visual studio 2013\projects\nummerical_field - original\debug\nummerical_field.exe
c:\users\tin\documents\visual studio 2013\projects\nummerical_field - original\debug\nummerical_field.pdb
c:\users\tin\documents\visual studio 2013\projects\nummerical_field - original\nummerical_field\debug\nummerical_field.tlog\cl.command.1.tlog
c:\users\tin\documents\visual studio 2013\projects\nummerical_field - original\nummerical_field\debug\nummerical_field.tlog\cl.read.1.tlog
c:\users\tin\documents\visual studio 2013\projects\nummerical_field - original\nummerical_field\debug\nummerical_field.tlog\cl.write.1.tlog
c:\users\tin\documents\visual studio 2013\projects\nummerical_field - original\nummerical_field\debug\nummerical_field.tlog\link.command.1.tlog
c:\users\tin\documents\visual studio 2013\projects\nummerical_field - original\nummerical_field\debug\nummerical_field.tlog\link.read.1.tlog
c:\users\tin\documents\visual studio 2013\projects\nummerical_field - original\nummerical_field\debug\nummerical_field.tlog\link.write.1.tlog
