Build started 17.11.2015 15:00:43.
     1>Project "C:\Users\Tin\Desktop\Nummerical_field - Copy\Nummerical_field\Nummerical_field.vcxproj" on node 2 (Build target(s)).
     1>ClCompile:
         C:\Program Files (x86)\Microsoft Visual Studio 12.0\VC\bin\CL.exe /c /ZI /nologo /W3 /WX- /Od /Oy- /D WIN32 /D _DEBUG /D _CONSOLE /D _LIB /D _UNICODE /D UNICODE /Gm /EHsc /RTC1 /MDd /GS /fp:precise /Zc:wchar_t /Zc:forScope /Fo"Debug\\" /Fd"Debug\vc120.pdb" /Gd /TP /analyze- /errorReport:prompt Nummerical_field.cpp
         Nummerical_field.cpp
       Link:
         C:\Program Files (x86)\Microsoft Visual Studio 12.0\VC\bin\link.exe /ERRORREPORT:PROMPT /OUT:"C:\Users\Tin\Desktop\Nummerical_field - Copy\Debug\Nummerical_field.exe" /INCREMENTAL /NOLOGO kernel32.lib user32.lib gdi32.lib winspool.lib comdlg32.lib advapi32.lib shell32.lib ole32.lib oleaut32.lib uuid.lib odbc32.lib odbccp32.lib /MANIFEST /MANIFESTUAC:"level='asInvoker' uiAccess='false'" /manifest:embed /DEBUG /PDB:"C:\Users\Tin\Desktop\Nummerical_field - Copy\Debug\Nummerical_field.pdb" /SUBSYSTEM:CONSOLE /TLBID:1 /DYNAMICBASE /NXCOMPAT /IMPLIB:"C:\Users\Tin\Desktop\Nummerical_field - Copy\Debug\Nummerical_field.lib" /MACHINE:X86 Debug\Cmplx.obj
         Debug\Mymatlib.obj
         Debug\Nummerical_field.obj
         Debug\RectangularPlate.obj
         Debug\RMatrix.obj
         Debug\RVektor.obj
         Debug\SmallSquare.obj
         Debug\SquarePlate.obj
         Debug\stdafx.obj
         Debug\UPlate.obj
         Nummerical_field.vcxproj -> C:\Users\Tin\Desktop\Nummerical_field - Copy\Debug\Nummerical_field.exe
     1>Done Building Project "C:\Users\Tin\Desktop\Nummerical_field - Copy\Nummerical_field\Nummerical_field.vcxproj" (Build target(s)).

Build succeeded.

Time Elapsed 00:00:01.45
